This is XeTeX, Version 3.1415926-2.2-0.9997.4 (Web2C 2010) (format=xelatex 2011.3.13)  9 MAY 2011 08:01
entering extended mode
 restricted \write18 enabled.
 %&-line parsing enabled.
**05.tex
(./05.tex
LaTeX2e <2009/09/24>
Babel <v3.8l> and hyphenation patterns for english, dumylang, nohyphenation, ge
rman-x-2009-06-19, ngerman-x-2009-06-19, ancientgreek, ibycus, arabic, armenian
, basque, bulgarian, catalan, pinyin, coptic, croatian, czech, danish, dutch, u
kenglish, usenglishmax, esperanto, estonian, farsi, finnish, french, galician, 
german, ngerman, swissgerman, monogreek, greek, hungarian, icelandic, assamese,
 bengali, gujarati, hindi, kannada, malayalam, marathi, oriya, panjabi, tamil, 
telugu, indonesian, interlingua, irish, italian, kurmanji, lao, latin, latvian,
 lithuanian, mongolian, mongolianlmc, bokmal, nynorsk, polish, portuguese, roma
nian, russian, sanskrit, serbian, slovak, slovenian, spanish, swedish, turkish,
 turkmen, ukrainian, uppersorbian, welsh, loaded.
(c:/texlive/texmf-dist/tex/latex/base/book.cls
Document Class: book 2007/10/19 v1.4h Standard LaTeX document class
(c:/texlive/texmf-dist/tex/latex/base/bk12.clo
File: bk12.clo 2007/10/19 v1.4h Standard LaTeX file (size option)
)
\c@part=\count80
\c@chapter=\count81
\c@section=\count82
\c@subsection=\count83
\c@subsubsection=\count84
\c@paragraph=\count85
\c@subparagraph=\count86
\c@figure=\count87
\c@table=\count88
\abovecaptionskip=\skip41
\belowcaptionskip=\skip42
\bibindent=\dimen102
)
(c:/texlive/texmf-dist/tex/latex/geometry/geometry.sty
Package: geometry 2010/07/13 v5.5 Page Geometry

(c:/texlive/texmf-dist/tex/latex/graphics/keyval.sty
Package: keyval 1999/03/16 v1.13 key=value parser (DPC)
\KV@toks@=\toks14
)
(c:/texlive/texmf-dist/tex/generic/oberdiek/ifpdf.sty
Package: ifpdf 2010/01/28 v2.1 Provides the ifpdf switch (HO)
Package ifpdf Info: pdfTeX in pdf mode not detected.
)
(c:/texlive/texmf-dist/tex/generic/oberdiek/ifvtex.sty
Package: ifvtex 2010/03/01 v1.5 Switches for detecting VTeX and its modes (HO)
Package ifvtex Info: VTeX not detected.
)
\Gm@cnth=\count89
\Gm@cntv=\count90
\c@Gm@tempcnt=\count91
\Gm@bindingoffset=\dimen103
\Gm@wd@mp=\dimen104
\Gm@odd@mp=\dimen105
\Gm@even@mp=\dimen106
\Gm@layoutwidth=\dimen107
\Gm@layoutheight=\dimen108
\Gm@layouthoffset=\dimen109
\Gm@layoutvoffset=\dimen110
\Gm@dimlist=\toks15
)
(c:/texlive/texmf-dist/tex/latex/amsfonts/amssymb.sty
Package: amssymb 2009/06/22 v3.00

(c:/texlive/texmf-dist/tex/latex/amsfonts/amsfonts.sty
Package: amsfonts 2009/06/22 v3.00 Basic AMSFonts support
\@emptytoks=\toks16
\symAMSa=\mathgroup4
\symAMSb=\mathgroup5
LaTeX Font Info:    Overwriting math alphabet `\mathfrak' in version `bold'
(Font)                  U/euf/m/n --> U/euf/b/n on input line 96.
))
(c:/texlive/texmf-dist/tex/latex/amsmath/amsmath.sty
Package: amsmath 2000/07/18 v2.13 AMS math features
\@mathmargin=\skip43

For additional information on amsmath, use the `?' option.
(c:/texlive/texmf-dist/tex/latex/amsmath/amstext.sty
Package: amstext 2000/06/29 v2.01

(c:/texlive/texmf-dist/tex/latex/amsmath/amsgen.sty
File: amsgen.sty 1999/11/30 v2.0
\@emptytoks=\toks17
\ex@=\dimen111
))
(c:/texlive/texmf-dist/tex/latex/amsmath/amsbsy.sty
Package: amsbsy 1999/11/29 v1.2d
\pmbraise@=\dimen112
)
(c:/texlive/texmf-dist/tex/latex/amsmath/amsopn.sty
Package: amsopn 1999/12/14 v2.01 operator names
)
\inf@bad=\count92
LaTeX Info: Redefining \frac on input line 211.
\uproot@=\count93
\leftroot@=\count94
LaTeX Info: Redefining \overline on input line 307.
\classnum@=\count95
\DOTSCASE@=\count96
LaTeX Info: Redefining \ldots on input line 379.
LaTeX Info: Redefining \dots on input line 382.
LaTeX Info: Redefining \cdots on input line 467.
\Mathstrutbox@=\box26
\strutbox@=\box27
\big@size=\dimen113
LaTeX Font Info:    Redeclaring font encoding OML on input line 567.
LaTeX Font Info:    Redeclaring font encoding OMS on input line 568.
\macc@depth=\count97
\c@MaxMatrixCols=\count98
\dotsspace@=\muskip10
\c@parentequation=\count99
\dspbrk@lvl=\count100
\tag@help=\toks18
\row@=\count101
\column@=\count102
\maxfields@=\count103
\andhelp@=\toks19
\eqnshift@=\dimen114
\alignsep@=\dimen115
\tagshift@=\dimen116
\tagwidth@=\dimen117
\totwidth@=\dimen118
\lineht@=\dimen119
\@envbody=\toks20
\multlinegap=\skip44
\multlinetaggap=\skip45
\mathdisplay@stack=\toks21
LaTeX Info: Redefining \[ on input line 2666.
LaTeX Info: Redefining \] on input line 2667.
)
(c:/texlive/texmf-dist/tex/latex/fontspec/fontspec.sty
Package: fontspec 2010/07/14 v2.0b Advanced font selection for XeLaTeX/LuaLaTeX


(c:/texlive/texmf-dist/tex/latex/expl3/expl3.sty
(c:/texlive/texmf-dist/tex/latex/expl3/l3names.sty
Package: l3names 2010/07/11 v1981 L3 Experimental Naming Scheme for TeX Primiti
ves
)
Package: expl3 2010/07/13 v1982 L3 Experimental code bundle wrapper

(c:/texlive/texmf-dist/tex/latex/etex-pkg/etex.sty
Package: etex 1998/03/26 v2.0 eTeX basic definition package (PEB)
\et@xins=\count104
)
(c:/texlive/texmf-dist/tex/latex/expl3/l3basics.sty
Package: l3basics 2010/06/07 v1942 L3 Experimental basic definitions
)
(c:/texlive/texmf-dist/tex/latex/expl3/l3expan.sty
Package: l3expan 2010/06/10 v1948 L3 Experimental Argument Expansion module
)
(c:/texlive/texmf-dist/tex/latex/expl3/l3tl.sty
Package: l3tl 2010/05/22 v1919 L3 Experimental Token Lists
)
(c:/texlive/texmf-dist/tex/latex/expl3/l3intexpr.sty
Package: l3intexpr 2010/06/15 v1957 L3 Integer Expressions
)
(c:/texlive/texmf-dist/tex/latex/expl3/l3quark.sty
Package: l3quark 2010/03/21 v1853 L3 Experimental Quark Commands
)
(c:/texlive/texmf-dist/tex/latex/expl3/l3seq.sty
Package: l3seq 2010/03/29 v1879 L3 Experimental sequences and stacks
)
(c:/texlive/texmf-dist/tex/latex/expl3/l3toks.sty
Package: l3toks 2010/05/25 v1933 L3 Experimental Token Registers
\l_tmpb_toks=\toks22
\l_tmpc_toks=\toks23
\g_tmpa_toks=\toks24
\g_tmpb_toks=\toks25
\g_tmpc_toks=\toks26
\c_empty_toks=\toks27
\l_tl_replace_toks=\toks28
)
(c:/texlive/texmf-dist/tex/latex/expl3/l3int.sty
Package: l3int 2010/05/25 v1933 L3 Experimental Integer module
\l_tmpa_int=\count105
\l_tmpb_int=\count106
\l_tmpc_int=\count107
\g_tmpa_int=\count108
\g_tmpb_int=\count109
\c_max_int=\count110
\g_tl_inline_level_int=\count111
)
(c:/texlive/texmf-dist/tex/latex/expl3/l3prg.sty
Package: l3prg 2010/03/21 v1853 L3 Experimental control structures
\g_prg_inline_level_int=\count112
)
(c:/texlive/texmf-dist/tex/latex/expl3/l3clist.sty
Package: l3clist 2010/03/29 v1878 L3 Experimental comma separated lists
\g_clist_inline_level_int=\count113
)
(c:/texlive/texmf-dist/tex/latex/expl3/l3token.sty
Package: l3token 2010/04/11 v1890 L3 Experimental token investigation and manip
ulation
)
(c:/texlive/texmf-dist/tex/latex/expl3/l3prop.sty
Package: l3prop 2010/03/21 v1857 L3 Experimental Property Lists
\g_prop_inline_level_int=\count114
)
(c:/texlive/texmf-dist/tex/latex/expl3/l3msg.sty
Package: l3msg 2010/03/23 v1866 L3 Experimental LaTeX Messages module
\l_msg_redirect_classes_prop=\toks29
\l_msg_redirect_names_prop=\toks30
\l_msg_redirect_fatal_prop=\toks31
\l_msg_redirect_error_prop=\toks32
\l_msg_redirect_warning_prop=\toks33
\l_msg_redirect_info_prop=\toks34
\l_msg_redirect_log_prop=\toks35
\l_msg_redirect_trace_prop=\toks36
\l_msg_redirect_none_prop=\toks37
)
(c:/texlive/texmf-dist/tex/latex/expl3/l3io.sty
Package: l3io 2010/05/22 v1923 L3 Experimental i/o module
\g_iow_streams_prop=\toks38
\g_ior_streams_prop=\toks39
\l_iow_stream_int=\count115
)
(c:/texlive/texmf-dist/tex/latex/expl3/l3skip.sty
Package: l3skip 2010/05/25 v1933 L3 Experimental skip registers
\l_tmpa_skip=\skip46
\l_tmpb_skip=\skip47
\l_tmpc_skip=\skip48
\g_tmpa_skip=\skip49
\g_tmpb_skip=\skip50
\l_tmpa_dim=\dimen120
\l_tmpb_dim=\dimen121
\l_tmpc_dim=\dimen122
\l_tmpd_dim=\dimen123
\g_tmpa_dim=\dimen124
\g_tmpb_dim=\dimen125
)
(c:/texlive/texmf-dist/tex/latex/expl3/l3box.sty
Package: l3box 2010/05/22 v1919 L3 Experimental Box module
\l_tmpb_box=\box28
)
(c:/texlive/texmf-dist/tex/latex/expl3/l3keyval.sty
Package: l3keyval 2010/04/11 v1890 L3 Experimental keyval processing
\l_KV_level_int=\count116
)
(c:/texlive/texmf-dist/tex/latex/expl3/l3keys.sty
Package: l3keys 2010/05/24 v1931 L3 Experimental key-value support
\l_keys_choice_int=\count117
)
(c:/texlive/texmf-dist/tex/latex/expl3/l3precom.sty
Package: l3precom 2010/02/09 v1793 L3 Experimental precompilation module
\g_gen_sym_int=\count118
\g_ggen_sym_int=\count119
)
(c:/texlive/texmf-dist/tex/latex/expl3/l3xref.sty
Package: l3xref 2010/02/09 v1786 L3 Experimental cross referencing
\g_xref_all_curr_immediate_fields_prop=\toks40
\g_xref_all_curr_deferred_fields_prop=\toks41
)
(c:/texlive/texmf-dist/tex/latex/expl3/l3file.sty
Package: l3file 2010/03/21 v1853 L3 Experimental file loading
)
(c:/texlive/texmf-dist/tex/latex/expl3/l3fp.sty
Package: l3fp 2010/07/08 v1979 L3 Experimental floating-point operations
\l_fp_input_a_integer_int=\count120
\l_fp_input_a_decimal_int=\count121
\l_fp_input_b_integer_int=\count122
\l_fp_input_b_decimal_int=\count123
\l_fp_input_a_sign_int=\count124
\l_fp_input_b_sign_int=\count125
\l_fp_split_sign_int=\count126
\l_fp_mul_a_i_int=\count127
\l_fp_mul_a_ii_int=\count128
\l_fp_mul_a_iii_int=\count129
\l_fp_mul_a_iv_int=\count130
\l_fp_mul_a_v_int=\count131
\l_fp_mul_a_vi_int=\count132
\l_fp_mul_b_i_int=\count133
\l_fp_mul_b_ii_int=\count134
\l_fp_mul_b_iii_int=\count135
\l_fp_mul_b_iv_int=\count136
\l_fp_mul_b_v_int=\count137
\l_fp_mul_b_vi_int=\count138
\l_fp_mul_output_int=\count139
\l_fp_div_count_int=\count140
\l_fp_div_offset_int=\count141
\l_fp_output_sign_int=\count142
\l_fp_output_integer_int=\count143
\l_fp_output_decimal_int=\count144
\l_fp_round_discard_int=\count145
\l_fp_round_position_int=\count146
\l_fp_tmp_int=\count147
\c_one_hundred_million=\count148
\c_one_thousand_million=\count149
\l_fp_tmp_dim=\dimen126
\l_fp_round_precision_int=\count150
)
(c:/texlive/texmf-dist/tex/latex/tools/calc.sty
Package: calc 2007/08/22 v4.3 Infix arithmetic (KKT,FJ)
\calc@Acount=\count151
\calc@Bcount=\count152
\calc@Adimen=\dimen127
\calc@Bdimen=\dimen128
\calc@Askip=\skip51
\calc@Bskip=\skip52
LaTeX Info: Redefining \setlength on input line 76.
LaTeX Info: Redefining \addtolength on input line 77.
\calc@Ccount=\count153
\calc@Cskip=\skip53
))
(c:/texlive/texmf-dist/tex/latex/xpackages/xbase/xparse.sty
Package: xparse 2010/05/23 v1927 Generic document command parser
\c_xparse_shorthands_prop=\toks42
\l_xparse_m_args_int=\count154
\l_xparse_mandatory_args_int=\count155
\l_xparse_processor_int=\count156
\l_xparse_total_args_int=\count157
)
(c:/texlive/texmf-dist/tex/generic/kastrup/binhex.tex)
\c@zf@newff=\count158
\c@zf@index=\count159
\c@zf@script=\count160
\c@zf@language=\count161
\l_fontspec_strnum_int=\count162

(c:/texlive/texmf-dist/tex/latex/xkeyval/xkeyval.sty
Package: xkeyval 2008/08/13 v2.6a package option processing (HA)

(c:/texlive/texmf-dist/tex/generic/xkeyval/xkeyval.tex
\XKV@toks=\toks43
\XKV@tempa@toks=\toks44
\XKV@depth=\count163
File: xkeyval.tex 2008/08/13 v2.6a key=value parser (HA)
))
(c:/texlive/texmf-dist/tex/latex/fontspec/fontspec-patches.sty
Package: fontspec-patches 2010/07/14 v2.0b Advanced font selection for XeLaTeX/
LuaLaTeX

(c:/texlive/texmf-dist/tex/latex/base/fixltx2e.sty
Package: fixltx2e 2006/09/13 v1.1m fixes to LaTeX
LaTeX Info: Redefining \em on input line 420.
LaTeX Info: The control sequence `\[' is already robust on input line 471.
LaTeX Info: The control sequence `\]' is already robust on input line 472.
)
LaTeX Info: Redefining \em on input line 23.
LaTeX Info: Redefining \emph on input line 27.
LaTeX Info: Redefining \- on input line 30.
)
(c:/texlive/texmf-dist/tex/latex/base/fontenc.sty
Package: fontenc 2005/09/27 v1.99g Standard LaTeX package

(c:/texlive/texmf-dist/tex/latex/euenc/eu1enc.def
File: eu1enc.def 2010/05/27 v0.1g Experimental Unicode font encodings
)
LaTeX Font Info:    Try loading font information for EU1+lmr on input line 100.


(c:/texlive/texmf-dist/tex/latex/euenc/eu1lmr.fd
File: eu1lmr.fd 2009/10/30 v1.6 Font defs for Latin Modern
))
 LaTeX Info: Defining document command \fontspec
(LaTeX)  with arg. spec. 'O{}m' on line 264.

 LaTeX Info: Defining document command \setmainfont
(LaTeX)  with arg. spec. 'O{}m' on line 268.

 LaTeX Info: Defining document command \setsansfont
(LaTeX)  with arg. spec. 'O{}m' on line 272.

 LaTeX Info: Defining document command \setmonofont
(LaTeX)  with arg. spec. 'O{}m' on line 276.

 LaTeX Info: Defining document command \setmathrm
(LaTeX)  with arg. spec. 'O{}m' on line 280.

 LaTeX Info: Defining document command \setboldmathrm
(LaTeX)  with arg. spec. 'O{}m' on line 283.

 LaTeX Info: Defining document command \setmathsf
(LaTeX)  with arg. spec. 'O{}m' on line 286.

 LaTeX Info: Defining document command \setmathtt
(LaTeX)  with arg. spec. 'O{}m' on line 289.

 LaTeX Info: Defining document command \newfontfamily
(LaTeX)  with arg. spec. 'mO{}m' on line 304.

 LaTeX Info: Defining document command \newfontface
(LaTeX)  with arg. spec. 'mO{}m' on line 307.

 LaTeX Info: Defining document command \defaultfontfeatures
(LaTeX)  with arg. spec. 'm' on line 308.

 LaTeX Info: Defining document command \addfontfeatures
(LaTeX)  with arg. spec. 'm' on line 325.

 LaTeX Info: Defining document command \newfontfeature
(LaTeX)  with arg. spec. 'mm' on line 334.

 LaTeX Info: Defining document command \newAATfeature
(LaTeX)  with arg. spec. 'mmmm' on line 343.

 LaTeX Info: Defining document command \newICUfeature
(LaTeX)  with arg. spec. 'mmm' on line 352.

 LaTeX Info: Defining document command \aliasfontfeature
(LaTeX)  with arg. spec. 'mm' on line 354.

 LaTeX Info: Defining document command \aliasfontfeatureoption
(LaTeX)  with arg. spec. 'mmm' on line 357.

 LaTeX Info: Defining document command \newfontscript
(LaTeX)  with arg. spec. 'mm' on line 362.

 LaTeX Info: Defining document command \newfontlanguage
(LaTeX)  with arg. spec. 'mm' on line 379.

 LaTeX Info: Defining document command \DeclareFontsExtensions
(LaTeX)  with arg. spec. 'm' on line 395.

\c@fontspec_tmp_int=\count164
LaTeX Info: Redefining \itshape on input line 1903.
LaTeX Info: Redefining \slshape on input line 1907.
LaTeX Info: Redefining \scshape on input line 1911.
LaTeX Info: Redefining \upshape on input line 1915.

fontspec.cfg loaded.
(c:/texlive/texmf-dist/tex/latex/fontspec/fontspec.cfg))
(c:/texlive/texmf-dist/tex/xetex/zhspacing/plain/zhspacing.sty
(c:/texlive/texmf-dist/tex/xetex/zhspacing/plain/zhsusefulmacros.sty)
Package: zhspacing 2008/01/02

(c:/texlive/texmf-dist/tex/xetex/zhspacing/plain/zhsmyclass.sty
(c:/texlive/texmf-dist/tex/xetex/zhspacing/plain/zhsusefulmacros.sty))
\@@interclasstoks@boundary@boundary=\toks45
\@@interclasstoks@halfwidth@boundary=\toks46
\@@interclasstoks@boundary@halfwidth=\toks47
\@@interclasstoks@halfwidth@halfwidth=\toks48
\@@interclasstoks@fullwidth@boundary=\toks49
\@@interclasstoks@boundary@fullwidth=\toks50
\@@interclasstoks@fullwidth@halfwidth=\toks51
\@@interclasstoks@halfwidth@fullwidth=\toks52
\@@interclasstoks@fullwidth@fullwidth=\toks53
\@@interclasstoks@alphanum@boundary=\toks54
\@@interclasstoks@boundary@alphanum=\toks55
\@@interclasstoks@alphanum@halfwidth=\toks56
\@@interclasstoks@halfwidth@alphanum=\toks57
\@@interclasstoks@alphanum@fullwidth=\toks58
\@@interclasstoks@fullwidth@alphanum=\toks59
\@@interclasstoks@alphanum@alphanum=\toks60
\@@interclasstoks@hanzi@boundary=\toks61
\@@interclasstoks@boundary@hanzi=\toks62
\@@interclasstoks@hanzi@halfwidth=\toks63
\@@interclasstoks@halfwidth@hanzi=\toks64
\@@interclasstoks@hanzi@fullwidth=\toks65
\@@interclasstoks@fullwidth@hanzi=\toks66
\@@interclasstoks@hanzi@alphanum=\toks67
\@@interclasstoks@alphanum@hanzi=\toks68
\@@interclasstoks@hanzi@hanzi=\toks69
\@@interclasstoks@openfw@boundary=\toks70
\@@interclasstoks@boundary@openfw=\toks71
\@@interclasstoks@openfw@halfwidth=\toks72
\@@interclasstoks@halfwidth@openfw=\toks73
\@@interclasstoks@openfw@fullwidth=\toks74
\@@interclasstoks@fullwidth@openfw=\toks75
\@@interclasstoks@openfw@alphanum=\toks76
\@@interclasstoks@alphanum@openfw=\toks77
\@@interclasstoks@openfw@hanzi=\toks78
\@@interclasstoks@hanzi@openfw=\toks79
\@@interclasstoks@openfw@openfw=\toks80
\@@interclasstoks@closefw@boundary=\toks81
\@@interclasstoks@boundary@closefw=\toks82
\@@interclasstoks@closefw@halfwidth=\toks83
\@@interclasstoks@halfwidth@closefw=\toks84
\@@interclasstoks@closefw@fullwidth=\toks85
\@@interclasstoks@fullwidth@closefw=\toks86
\@@interclasstoks@closefw@alphanum=\toks87
\@@interclasstoks@alphanum@closefw=\toks88
\@@interclasstoks@closefw@hanzi=\toks89
\@@interclasstoks@hanzi@closefw=\toks90
\@@interclasstoks@closefw@openfw=\toks91
\@@interclasstoks@openfw@closefw=\toks92
\@@interclasstoks@closefw@closefw=\toks93
\@@interclasstoks@halfstop@boundary=\toks94
\@@interclasstoks@boundary@halfstop=\toks95
\@@interclasstoks@halfstop@halfwidth=\toks96
\@@interclasstoks@halfwidth@halfstop=\toks97
\@@interclasstoks@halfstop@fullwidth=\toks98
\@@interclasstoks@fullwidth@halfstop=\toks99
\@@interclasstoks@halfstop@alphanum=\toks100
\@@interclasstoks@alphanum@halfstop=\toks101
\@@interclasstoks@halfstop@hanzi=\toks102
\@@interclasstoks@hanzi@halfstop=\toks103
\@@interclasstoks@halfstop@openfw=\toks104
\@@interclasstoks@openfw@halfstop=\toks105
\@@interclasstoks@halfstop@closefw=\toks106
\@@interclasstoks@closefw@halfstop=\toks107
\@@interclasstoks@halfstop@halfstop=\toks108
\@@interclasstoks@fullstop@boundary=\toks109
\@@interclasstoks@boundary@fullstop=\toks110
\@@interclasstoks@fullstop@halfwidth=\toks111
\@@interclasstoks@halfwidth@fullstop=\toks112
\@@interclasstoks@fullstop@fullwidth=\toks113
\@@interclasstoks@fullwidth@fullstop=\toks114
\@@interclasstoks@fullstop@alphanum=\toks115
\@@interclasstoks@alphanum@fullstop=\toks116
\@@interclasstoks@fullstop@hanzi=\toks117
\@@interclasstoks@hanzi@fullstop=\toks118
\@@interclasstoks@fullstop@openfw=\toks119
\@@interclasstoks@openfw@fullstop=\toks120
\@@interclasstoks@fullstop@closefw=\toks121
\@@interclasstoks@closefw@fullstop=\toks122
\@@interclasstoks@fullstop@halfstop=\toks123
\@@interclasstoks@halfstop@fullstop=\toks124
\@@interclasstoks@fullstop@fullstop=\toks125
\@@interclasstoks@fwpunct@boundary=\toks126
\@@interclasstoks@boundary@fwpunct=\toks127
\@@interclasstoks@fwpunct@halfwidth=\toks128
\@@interclasstoks@halfwidth@fwpunct=\toks129
\@@interclasstoks@fwpunct@fullwidth=\toks130
\@@interclasstoks@fullwidth@fwpunct=\toks131
\@@interclasstoks@fwpunct@alphanum=\toks132
\@@interclasstoks@alphanum@fwpunct=\toks133
\@@interclasstoks@fwpunct@hanzi=\toks134
\@@interclasstoks@hanzi@fwpunct=\toks135
\@@interclasstoks@fwpunct@openfw=\toks136
\@@interclasstoks@openfw@fwpunct=\toks137
\@@interclasstoks@fwpunct@closefw=\toks138
\@@interclasstoks@closefw@fwpunct=\toks139
\@@interclasstoks@fwpunct@halfstop=\toks140
\@@interclasstoks@halfstop@fwpunct=\toks141
\@@interclasstoks@fwpunct@fullstop=\toks142
\@@interclasstoks@fullstop@fwpunct=\toks143
\@@interclasstoks@fwpunct@fwpunct=\toks144
\@@interclasstoks@cjkexta@boundary=\toks145
\@@interclasstoks@boundary@cjkexta=\toks146
\@@interclasstoks@cjkexta@halfwidth=\toks147
\@@interclasstoks@halfwidth@cjkexta=\toks148
\@@interclasstoks@cjkexta@fullwidth=\toks149
\@@interclasstoks@fullwidth@cjkexta=\toks150
\@@interclasstoks@cjkexta@alphanum=\toks151
\@@interclasstoks@alphanum@cjkexta=\toks152
\@@interclasstoks@cjkexta@hanzi=\toks153
\@@interclasstoks@hanzi@cjkexta=\toks154
\@@interclasstoks@cjkexta@openfw=\toks155
\@@interclasstoks@openfw@cjkexta=\toks156
\@@interclasstoks@cjkexta@closefw=\toks157
\@@interclasstoks@closefw@cjkexta=\toks158
\@@interclasstoks@cjkexta@halfstop=\toks159
\@@interclasstoks@halfstop@cjkexta=\toks160
\@@interclasstoks@cjkexta@fullstop=\toks161
\@@interclasstoks@fullstop@cjkexta=\toks162
\@@interclasstoks@cjkexta@fwpunct=\toks163
\@@interclasstoks@fwpunct@cjkexta=\toks164
\@@interclasstoks@cjkexta@cjkexta=\toks165
\@@interclasstoks@cjkextb@boundary=\toks166
\@@interclasstoks@boundary@cjkextb=\toks167
\@@interclasstoks@cjkextb@halfwidth=\toks168
\@@interclasstoks@halfwidth@cjkextb=\toks169
\@@interclasstoks@cjkextb@fullwidth=\toks170
\@@interclasstoks@fullwidth@cjkextb=\toks171
\@@interclasstoks@cjkextb@alphanum=\toks172
\@@interclasstoks@alphanum@cjkextb=\toks173
\@@interclasstoks@cjkextb@hanzi=\toks174
\@@interclasstoks@hanzi@cjkextb=\toks175
\@@interclasstoks@cjkextb@openfw=\toks176
\@@interclasstoks@openfw@cjkextb=\toks177
\@@interclasstoks@cjkextb@closefw=\toks178
\@@interclasstoks@closefw@cjkextb=\toks179
\@@interclasstoks@cjkextb@halfstop=\toks180
\@@interclasstoks@halfstop@cjkextb=\toks181
\@@interclasstoks@cjkextb@fullstop=\toks182
\@@interclasstoks@fullstop@cjkextb=\toks183
\@@interclasstoks@cjkextb@fwpunct=\toks184
\@@interclasstoks@fwpunct@cjkextb=\toks185
\@@interclasstoks@cjkextb@cjkexta=\toks186
\@@interclasstoks@cjkexta@cjkextb=\toks187
\@@interclasstoks@cjkextb@cjkextb=\toks188
\n=\count165
\@@interclasstoks@longpunct@boundary=\toks189
\@@interclasstoks@boundary@longpunct=\toks190
\@@interclasstoks@longpunct@halfwidth=\toks191
\@@interclasstoks@halfwidth@longpunct=\toks192
\@@interclasstoks@longpunct@fullwidth=\toks193
\@@interclasstoks@fullwidth@longpunct=\toks194
\@@interclasstoks@longpunct@alphanum=\toks195
\@@interclasstoks@alphanum@longpunct=\toks196
\@@interclasstoks@longpunct@hanzi=\toks197
\@@interclasstoks@hanzi@longpunct=\toks198
\@@interclasstoks@longpunct@openfw=\toks199
\@@interclasstoks@openfw@longpunct=\toks200
\@@interclasstoks@longpunct@closefw=\toks201
\@@interclasstoks@closefw@longpunct=\toks202
\@@interclasstoks@longpunct@halfstop=\toks203
\@@interclasstoks@halfstop@longpunct=\toks204
\@@interclasstoks@longpunct@fullstop=\toks205
\@@interclasstoks@fullstop@longpunct=\toks206
\@@interclasstoks@longpunct@fwpunct=\toks207
\@@interclasstoks@fwpunct@longpunct=\toks208
\@@interclasstoks@longpunct@cjkexta=\toks209
\@@interclasstoks@cjkexta@longpunct=\toks210
\@@interclasstoks@longpunct@cjkextb=\toks211
\@@interclasstoks@cjkextb@longpunct=\toks212
\@@interclasstoks@longpunct@longpunct=\toks213
\@@interclasstoks@hwpunct@boundary=\toks214
\@@interclasstoks@boundary@hwpunct=\toks215
\@@interclasstoks@hwpunct@halfwidth=\toks216
\@@interclasstoks@halfwidth@hwpunct=\toks217
\@@interclasstoks@hwpunct@fullwidth=\toks218
\@@interclasstoks@fullwidth@hwpunct=\toks219
\@@interclasstoks@hwpunct@alphanum=\toks220
\@@interclasstoks@alphanum@hwpunct=\toks221
\@@interclasstoks@hwpunct@hanzi=\toks222
\@@interclasstoks@hanzi@hwpunct=\toks223
\@@interclasstoks@hwpunct@openfw=\toks224
\@@interclasstoks@openfw@hwpunct=\toks225
\@@interclasstoks@hwpunct@closefw=\toks226
\@@interclasstoks@closefw@hwpunct=\toks227
\@@interclasstoks@hwpunct@halfstop=\toks228
\@@interclasstoks@halfstop@hwpunct=\toks229
\@@interclasstoks@hwpunct@fullstop=\toks230
\@@interclasstoks@fullstop@hwpunct=\toks231
\@@interclasstoks@hwpunct@fwpunct=\toks232
\@@interclasstoks@fwpunct@hwpunct=\toks233
\@@interclasstoks@hwpunct@cjkexta=\toks234
\@@interclasstoks@cjkexta@hwpunct=\toks235
\@@interclasstoks@hwpunct@cjkextb=\toks236
\@@interclasstoks@cjkextb@hwpunct=\toks237
\@@interclasstoks@hwpunct@longpunct=\toks238
\@@interclasstoks@longpunct@hwpunct=\toks239
\@@interclasstoks@hwpunct@hwpunct=\toks240
 fontspec Info: Font SimSun does not contain any OpenType `Script' information.


\c@zf@famc@SimSun=\count166
 fontspec Info: Defining font family for 'SimSun' with options [BoldFont=SimHei
].

Package fontspec Info: Defining shape m/n with raw font features:
(fontspec)             .
Package fontspec Info: Defining shape bx/n with raw font features:
(fontspec)             .
 fontspec Info: Could not resolve font SimSun/I (it probably doesn't exist).

 fontspec Info: Could not resolve font SimHei/I (it probably doesn't exist).

 fontspec Info: Font SimSun does not contain any OpenType `Script' information.


 fontspec Info: Defining font family for 'SimSun' with options [].

Package fontspec Info: Defining shape m/n with raw font features:
(fontspec)             .
 fontspec Info: Could not resolve font SimSun/B (it probably doesn't exist).

 fontspec Info: Could not resolve font SimSun/I (it probably doesn't exist).

 fontspec Info: Could not resolve font SimSun/BI (it probably doesn't exist).

\zhs@tmpcnt=\count167
)
(c:/texlive/texmf-dist/tex/latex/titlesec/titlesec.sty
Package: titlesec 2007/08/12 v2.8 Sectioning titles
\ttl@box=\box29
\beforetitleunit=\skip54
\aftertitleunit=\skip55
\ttl@plus=\dimen129
\ttl@minus=\dimen130
\ttl@toksa=\toks241
\titlewidth=\dimen131
\titlewidthlast=\dimen132
\titlewidthfirst=\dimen133
)
(c:/texlive/texmf-dist/tex/latex/bosisio/graphfig.sty
Package: graphfig 1997/12/15 v2.2 Commands to include graphics files (FB)

(c:/texlive/texmf-dist/tex/latex/graphics/graphics.sty
Package: graphics 2009/02/05 v1.0o Standard LaTeX Graphics (DPC,SPQR)

(c:/texlive/texmf-dist/tex/latex/graphics/trig.sty
Package: trig 1999/03/16 v1.09 sin cos tan (DPC)
)
(c:/texlive/texmf-dist/tex/latex/latexconfig/graphics.cfg
File: graphics.cfg 2010/04/23 v1.9 graphics configuration of TeX Live
)
Package graphics Info: Driver file: xetex.def on input line 91.

(c:/texlive/texmf-dist/tex/xelatex/xetex-def/xetex.def
File: xetex.def 2009/11/22 v0.94 LaTeX color/graphics driver for XeTeX (RRM/JK)

))
(c:/texlive/texmf-dist/tex/latex/subfigure/subfigure.sty
Package: subfigure 2002/03/15 v2.1.5 subfigure package
\subfigtopskip=\skip56
\subfigcapskip=\skip57
\subfigcaptopadj=\dimen134
\subfigbottomskip=\skip58
\subfigcapmargin=\dimen135
\subfiglabelskip=\skip59
\c@subfigure=\count168
\c@lofdepth=\count169
\c@subtable=\count170
\c@lotdepth=\count171

****************************************
* Local config file subfigure.cfg used *
****************************************
(c:/texlive/texmf-dist/tex/latex/subfigure/subfigure.cfg)
\subfig@top=\skip60
\subfig@bottom=\skip61
))
(c:/texlive/texmf-dist/tex/xelatex/xunicode/xunicode.sty
File: xunicode.sty 2008/02/08 v0.91 provides access to latin accents and many o
ther characters in Unicode lower plane
)
(c:/texlive/texmf-dist/tex/xelatex/xltxtra/xltxtra.sty
Package: xltxtra 2010/06/03 v0.5d Improvements for the "XeLaTeX" format

(c:/texlive/texmf-dist/tex/generic/oberdiek/ifluatex.sty
Package: ifluatex 2010/03/01 v1.3 Provides the ifluatex switch (HO)
Package ifluatex Info: LuaTeX not detected.
)
(c:/texlive/texmf-dist/tex/generic/ifxetex/ifxetex.sty
Package: ifxetex 2009/01/23 v0.5 Provides ifxetex conditional
)
(c:/texlive/texmf-dist/tex/latex/metalogo/metalogo.sty
Package: metalogo 2010/05/29 v0.12 Extended TeX logo macros

(c:/texlive/texmf-dist/tex/latex/graphics/graphicx.sty
Package: graphicx 1999/02/16 v1.0f Enhanced LaTeX Graphics (DPC,SPQR)
\Gin@req@height=\dimen136
\Gin@req@width=\dimen137
)
\xl@everylogo=\toks242
\xl@@everylogo=\toks243
LaTeX Info: Redefining \TeX on input line 193.
LaTeX Info: Redefining \LaTeX on input line 202.
LaTeX Info: Redefining \LaTeXe on input line 219.
)
LaTeX Info: Redefining \textsubscript on input line 62.
LaTeX Info: Redefining \textsuperscript on input line 64.
\xxt@tempbox=\box30
)
(c:/texlive/texmf-dist/tex/latex/tools/verbatim.sty
Package: verbatim 2003/08/22 v1.5q LaTeX2e package for verbatim enhancements
\every@verbatim=\toks244
\verbatim@line=\toks245
\verbatim@in@stream=\read1
)
 fontspec Info: Font "[simsun.ttc]" does not contain any OpenType `Script' info
rmation.

\c@zf@famc@"[simsun.ttc]"=\count172
 fontspec Info: Defining font family for '"[simsun.ttc]"' with options [BoldFon
t={"[simhei.ttf]"}].

Package fontspec Info: Defining shape m/n with raw font features:
(fontspec)             .
Package fontspec Info: Defining shape bx/n with raw font features:
(fontspec)             .
Package fontspec Info: Defining shape m/it with raw font features:
(fontspec)             .
Package fontspec Info: Defining shape bx/it with raw font features:
(fontspec)             .

(c:/texlive/texmf-dist/tex/latex/lineno/lineno.sty
Package: lineno 2005/11/02 line numbers on paragraphs v4.41
Invalid UTF-8 byte or sequence at line 296 replaced by U+FFFD.
\linenopenalty=\count173
\output=\toks246
\linenoprevgraf=\count174
\linenumbersep=\dimen138
\linenumberwidth=\dimen139
\c@linenumber=\count175
\c@pagewiselinenumber=\count176
\c@LN@truepage=\count177
\c@internallinenumber=\count178
\c@internallinenumbers=\count179
\quotelinenumbersep=\dimen140
\bframerule=\dimen141
\bframesep=\dimen142
\bframebox=\box31
LaTeX Info: Redefining \\ on input line 3056.
)
(c:/texlive/texmf-dist/tex/latex/setspace/setspace.sty
Package: setspace 2000/12/01 6.7 Contributed and Supported LaTeX2e package

Package: `setspace' 6.7 <2000/12/01>
) (c:/texlive/texmf-dist/tex/latex/hyperref/hyperref.sty
Package: hyperref 2010/06/18 v6.81g Hypertext links for LaTeX

(c:/texlive/texmf-dist/tex/generic/oberdiek/ltxcmds.sty
Package: ltxcmds 2010/04/26 v1.7 LaTeX kernel commands for general use (HO)
)
(c:/texlive/texmf-dist/tex/generic/oberdiek/kvsetkeys.sty
Package: kvsetkeys 2010/03/01 v1.9 Key value parser (HO)

(c:/texlive/texmf-dist/tex/generic/oberdiek/infwarerr.sty
Package: infwarerr 2010/04/08 v1.3 Providing info/warning/message (HO)
)
(c:/texlive/texmf-dist/tex/generic/oberdiek/etexcmds.sty
Package: etexcmds 2010/01/28 v1.3 Prefix for e-TeX command names (HO)
Package etexcmds Info: Could not find \expanded.
(etexcmds)             That can mean that you are not using pdfTeX 1.50 or
(etexcmds)             that some package has redefined \expanded.
(etexcmds)             In the latter case, load this package earlier.
))
(c:/texlive/texmf-dist/tex/generic/oberdiek/pdfescape.sty
Package: pdfescape 2010/03/01 v1.9 Provides hex, PDF name and string conversion
s (HO)

(c:/texlive/texmf-dist/tex/generic/oberdiek/pdftexcmds.sty
Package: pdftexcmds 2010/04/01 v0.9 Utility functions of pdfTeX for LuaTeX (HO)

Package pdftexcmds Info: LuaTeX not detected.
Package pdftexcmds Info: pdfTeX >= 1.30 not detected.
Package pdftexcmds Info: \pdf@primitive is available.
Package pdftexcmds Info: \pdf@ifprimitive is available.
))
(c:/texlive/texmf-dist/tex/latex/oberdiek/hycolor.sty
Package: hycolor 2009/12/12 v1.6 Color options of hyperref/bookmark (HO)

(c:/texlive/texmf-dist/tex/latex/oberdiek/xcolor-patch.sty
Package: xcolor-patch 2009/12/12 xcolor patch
))
(c:/texlive/texmf-dist/tex/latex/oberdiek/letltxmacro.sty
Package: letltxmacro 2008/06/24 v1.3 Let assignment for LaTeX macros (HO)
)
\@linkdim=\dimen143
\Hy@linkcounter=\count180
\Hy@pagecounter=\count181

(c:/texlive/texmf-dist/tex/latex/hyperref/pd1enc.def
File: pd1enc.def 2010/06/18 v6.81g Hyperref: PDFDocEncoding definition (HO)
)
(c:/texlive/texmf-dist/tex/generic/oberdiek/intcalc.sty
Package: intcalc 2007/09/27 v1.1 Expandable integer calculations (HO)
)
(c:/texlive/texmf-dist/tex/xelatex/xetexconfig/hyperref.cfg
File: hyperref.cfg 2008/07/11 v1.2 hyperref configuration for XeLaTeX
)
(c:/texlive/texmf-dist/tex/latex/oberdiek/kvoptions.sty
Package: kvoptions 2010/02/22 v3.7 Keyval support for LaTeX options (HO)
)
Package hyperref Info: Option `unicode' set `true' on input line 3577.

(c:/texlive/texmf-dist/tex/latex/hyperref/puenc.def
File: puenc.def 2010/06/18 v6.81g Hyperref: PDF Unicode definition (HO)
)
Package hyperref Info: Option `bookmarks' set `true' on input line 3577.
Package hyperref Info: Option `bookmarksnumbered' set `true' on input line 3577
.
Package hyperref Info: Option `bookmarksopen' set `true' on input line 3577.
Package hyperref Info: Option `breaklinks' set `false' on input line 3577.
Package hyperref Info: Option `colorlinks' set `true' on input line 3577.
Package hyperref Info: Hyper figures OFF on input line 3658.
Package hyperref Info: Link nesting OFF on input line 3663.
Package hyperref Info: Hyper index ON on input line 3666.
Package hyperref Info: Plain pages OFF on input line 3673.
Package hyperref Info: Backreferencing ON on input line 3676.

Implicit mode ON; LaTeX internals redefined
Package hyperref Info: Bookmarks ON on input line 3874.
(c:/texlive/texmf-dist/tex/latex/hyperref/backref.sty
Package: backref 2010/03/11 v1.35 Bibliographical back referencing

(c:/texlive/texmf-dist/tex/latex/oberdiek/rerunfilecheck.sty
Package: rerunfilecheck 2010/03/16 v1.6 Rerun checks for auxiliary files (HO)
Package rerunfilecheck Info: Feature \pdfmdfivesum is not available
(rerunfilecheck)             (e.g. pdfTeX or LuaTeX with package `pdftexcmds').

(rerunfilecheck)             Therefore file contents cannot be checked efficien
tly
(rerunfilecheck)             and the loading of the package is aborted.
))
(c:/texlive/texmf-dist/tex/latex/url/url.sty
\Urlmuskip=\muskip11
Package: url 2006/04/12  ver 3.3  Verb mode for urls, etc.
)
LaTeX Info: Redefining \url on input line 4159.

(c:/texlive/texmf-dist/tex/generic/oberdiek/bitset.sty
Package: bitset 2007/09/28 v1.0 Data type bit set (HO)

(c:/texlive/texmf-dist/tex/generic/oberdiek/bigintcalc.sty
Package: bigintcalc 2007/11/11 v1.1 Expandable big integer calculations (HO)
))
\Fld@menulength=\count182
\Field@Width=\dimen144
\Fld@charsize=\dimen145
\Field@toks=\toks247
Package hyperref Info: Hyper figures OFF on input line 5137.
Package hyperref Info: Link nesting OFF on input line 5142.
Package hyperref Info: Hyper index ON on input line 5145.
Package hyperref Info: backreferencing ON on input line 5150.
Package hyperref Info: Link coloring ON on input line 5155.
Package hyperref Info: Link coloring with OCG OFF on input line 5162.
Package hyperref Info: PDF/A mode OFF on input line 5167.
LaTeX Info: Redefining \ref on input line 5207.
LaTeX Info: Redefining \pageref on input line 5211.

(c:/texlive/texmf-dist/tex/generic/oberdiek/atbegshi.sty
Package: atbegshi 2010/03/25 v1.12 At begin shipout hook (HO)
)
\Hy@abspage=\count183
\c@Item=\count184
\c@Hfootnote=\count185
)
* hyperref using default driver hxetex *
(c:/texlive/texmf-dist/tex/latex/hyperref/hxetex.def
File: hxetex.def 2010/06/18 v6.81g Hyperref driver for XeTeX

(c:/texlive/texmf-dist/tex/generic/oberdiek/stringenc.sty
Package: stringenc 2010/03/01 v1.8 Converts strings between encodings (HO)
)
\pdfm@box=\box32
\c@Hy@AnnotLevel=\count186
\HyField@AnnotCount=\count187
\Fld@listcount=\count188
\c@bookmark@seq@number=\count189
\Hy@SectionHShift=\skip62
)
(c:/texlive/texmf-dist/tex/latex/listings/listings.sty
\lst@mode=\count190
\lst@gtempboxa=\box33
\lst@token=\toks248
\lst@length=\count191
\lst@currlwidth=\dimen146
\lst@column=\count192
\lst@pos=\count193
\lst@lostspace=\dimen147
\lst@width=\dimen148
\lst@newlines=\count194
\lst@lineno=\count195
\lst@maxwidth=\dimen149

(c:/texlive/texmf-dist/tex/latex/listings/lstmisc.sty
File: lstmisc.sty 2007/02/22 1.4 (Carsten Heinz)
\c@lstnumber=\count196
\lst@skipnumbers=\count197
\lst@framebox=\box34
)
(c:/texlive/texmf-dist/tex/latex/listings/listings.cfg
File: listings.cfg 2007/02/22 1.4 listings configuration
))
Package: listings 2007/02/22 1.4 (Carsten Heinz)

(c:/texlive/texmf-dist/tex/latex/listings/lstlang1.sty
File: lstlang1.sty 2004/09/05 1.3 listings language file
)
(c:/texlive/texmf-dist/tex/latex/listings/lstmisc.sty
File: lstmisc.sty 2007/02/22 1.4 (Carsten Heinz)
)
\c@zf@famc@Adobe Song Std=\count198
 fontspec Info: Defining font family for 'Adobe Song Std' with options [].

Package fontspec Info: Defining shape m/n with raw font features:
(fontspec)             .
 fontspec Info: Could not resolve font Adobe Song Std/B (it probably doesn't ex
ist).

 fontspec Info: Could not resolve font Adobe Song Std/I (it probably doesn't ex
ist).

 fontspec Info: Could not resolve font Adobe Song Std/BI (it probably doesn't e
xist).

 (./05.aux

LaTeX Warning: Label `*' multiply defined.


LaTeX Warning: Label `*' multiply defined.

)
\openout1 = `05.aux'.

LaTeX Font Info:    Checking defaults for OML/cmm/m/it on input line 42.
LaTeX Font Info:    ... okay on input line 42.
LaTeX Font Info:    Checking defaults for T1/cmr/m/n on input line 42.
LaTeX Font Info:    ... okay on input line 42.
LaTeX Font Info:    Checking defaults for OT1/cmr/m/n on input line 42.
LaTeX Font Info:    ... okay on input line 42.
LaTeX Font Info:    Checking defaults for OMS/cmsy/m/n on input line 42.
LaTeX Font Info:    ... okay on input line 42.
LaTeX Font Info:    Checking defaults for OMX/cmex/m/n on input line 42.
LaTeX Font Info:    ... okay on input line 42.
LaTeX Font Info:    Checking defaults for U/cmr/m/n on input line 42.
LaTeX Font Info:    ... okay on input line 42.
LaTeX Font Info:    Checking defaults for EU1/lmr/m/n on input line 42.
LaTeX Font Info:    ... okay on input line 42.
LaTeX Font Info:    Checking defaults for PD1/pdf/m/n on input line 42.
LaTeX Font Info:    ... okay on input line 42.
LaTeX Font Info:    Checking defaults for PU/pdf/m/n on input line 42.
LaTeX Font Info:    ... okay on input line 42.

*geometry* driver: auto-detecting
*geometry* detected driver: xetex
*geometry* verbose mode - [ preamble ] result:
* driver: xetex
* paper: a4paper
* layout: <same size as paper>
* layoutoffset:(h,v)=(0.0pt,0.0pt)
* modes: 
* h-part:(L,W,R)=(71.13188pt, 455.24411pt, 71.13188pt)
* v-part:(T,H,B)=(71.13188pt, 702.78308pt, 71.13188pt)
* \paperwidth=597.50787pt
* \paperheight=845.04684pt
* \textwidth=455.24411pt
* \textheight=702.78308pt
* \oddsidemargin=-1.1381pt
* \evensidemargin=-1.1381pt
* \topmargin=-33.0119pt
* \headheight=12.0pt
* \headsep=19.8738pt
* \topskip=12.0pt
* \footskip=30.0pt
* \marginparwidth=38.0pt
* \marginparsep=7.0pt
* \columnsep=10.0pt
* \skip\footins=10.8pt plus 4.0pt minus 2.0pt
* \hoffset=0.0pt
* \voffset=0.0pt
* \mag=1000
* \@twocolumnfalse
* \@twosidefalse
* \@mparswitchfalse
* \@reversemarginfalse
* (1in=72.27pt=25.4mm, 1cm=28.453pt)

 fontspec Info: Adjusting the maths setup (use [no-math] to avoid this).

\symlegacymaths=\mathgroup6
LaTeX Font Info:    Overwriting symbol font `legacymaths' in version `bold'
(Font)                  OT1/cmr/m/n --> OT1/cmr/bx/n on input line 42.
LaTeX Font Info:    Redeclaring math accent \acute on input line 42.
LaTeX Font Info:    Redeclaring math accent \grave on input line 42.
LaTeX Font Info:    Redeclaring math accent \ddot on input line 42.
LaTeX Font Info:    Redeclaring math accent \tilde on input line 42.
LaTeX Font Info:    Redeclaring math accent \bar on input line 42.
LaTeX Font Info:    Redeclaring math accent \breve on input line 42.
LaTeX Font Info:    Redeclaring math accent \check on input line 42.
LaTeX Font Info:    Redeclaring math accent \hat on input line 42.
LaTeX Font Info:    Redeclaring math accent \dot on input line 42.
LaTeX Font Info:    Redeclaring math accent \mathring on input line 42.
LaTeX Font Info:    Redeclaring math symbol \Gamma on input line 42.
LaTeX Font Info:    Redeclaring math symbol \Delta on input line 42.
LaTeX Font Info:    Redeclaring math symbol \Theta on input line 42.
LaTeX Font Info:    Redeclaring math symbol \Lambda on input line 42.
LaTeX Font Info:    Redeclaring math symbol \Xi on input line 42.
LaTeX Font Info:    Redeclaring math symbol \Pi on input line 42.
LaTeX Font Info:    Redeclaring math symbol \Sigma on input line 42.
LaTeX Font Info:    Redeclaring math symbol \Upsilon on input line 42.
LaTeX Font Info:    Redeclaring math symbol \Phi on input line 42.
LaTeX Font Info:    Redeclaring math symbol \Psi on input line 42.
LaTeX Font Info:    Redeclaring math symbol \Omega on input line 42.
LaTeX Font Info:    Redeclaring math symbol \mathdollar on input line 42.
LaTeX Font Info:    Redeclaring symbol font `operators' on input line 42.
LaTeX Font Info:    Encoding `OT1' has changed to `EU1' for symbol font
(Font)              `operators' in the math version `normal' on input line 42.
LaTeX Font Info:    Overwriting symbol font `operators' in version `normal'
(Font)                  OT1/cmr/m/n --> EU1/AdobeSongStd(0)/m/n on input line 4
2.
LaTeX Font Info:    Encoding `OT1' has changed to `EU1' for symbol font
(Font)              `operators' in the math version `bold' on input line 42.
LaTeX Font Info:    Overwriting symbol font `operators' in version `bold'
(Font)                  OT1/cmr/bx/n --> EU1/AdobeSongStd(0)/m/n on input line 
42.
LaTeX Font Info:    Overwriting symbol font `operators' in version `normal'
(Font)                  EU1/AdobeSongStd(0)/m/n --> EU1/AdobeSongStd(0)/m/n on 
input line 42.
LaTeX Font Info:    Overwriting math alphabet `\mathrm' in version `normal'
(Font)                  EU1/AdobeSongStd(0)/m/n --> EU1/AdobeSongStd(0)/m/n on 
input line 42.
LaTeX Font Info:    Overwriting math alphabet `\mathit' in version `normal'
(Font)                  OT1/cmr/m/it --> EU1/AdobeSongStd(0)/m/it on input line
 42.
LaTeX Font Info:    Overwriting math alphabet `\mathbf' in version `normal'
(Font)                  OT1/cmr/bx/n --> EU1/AdobeSongStd(0)/bx/n on input line
 42.
LaTeX Font Info:    Overwriting math alphabet `\mathsf' in version `normal'
(Font)                  OT1/cmss/m/n --> EU1/lmss/m/n on input line 42.
LaTeX Font Info:    Overwriting math alphabet `\mathtt' in version `normal'
(Font)                  OT1/cmtt/m/n --> EU1/lmtt/m/n on input line 42.
LaTeX Font Info:    Overwriting symbol font `operators' in version `bold'
(Font)                  EU1/AdobeSongStd(0)/m/n --> EU1/AdobeSongStd(0)/bx/n on
 input line 42.
LaTeX Font Info:    Overwriting math alphabet `\mathrm' in version `bold'
(Font)                  EU1/AdobeSongStd(0)/m/n --> EU1/AdobeSongStd(0)/bx/n on
 input line 42.
LaTeX Font Info:    Overwriting math alphabet `\mathit' in version `bold'
(Font)                  OT1/cmr/bx/it --> EU1/AdobeSongStd(0)/bx/it on input li
ne 42.
LaTeX Font Info:    Overwriting math alphabet `\mathsf' in version `bold'
(Font)                  OT1/cmss/bx/n --> EU1/lmss/bx/n on input line 42.
LaTeX Font Info:    Overwriting math alphabet `\mathtt' in version `bold'
(Font)                  OT1/cmtt/m/n --> EU1/lmtt/bx/n on input line 42.
\AtBeginShipoutBox=\box35
(c:/texlive/texmf-dist/tex/latex/graphics/color.sty
Package: color 2005/11/14 v1.0j Standard LaTeX Color (DPC)

(c:/texlive/texmf-dist/tex/latex/latexconfig/color.cfg
File: color.cfg 2007/01/18 v1.5 color configuration of teTeX/TeXLive
)
Package color Info: Driver file: xetex.def on input line 130.
)
Package hyperref Info: Link coloring ON on input line 42.

(c:/texlive/texmf-dist/tex/latex/hyperref/nameref.sty
Package: nameref 2010/04/30 v2.40 Cross-referencing by name of section

(c:/texlive/texmf-dist/tex/latex/oberdiek/refcount.sty
Package: refcount 2008/08/11 v3.1 Data extraction from references (HO)
)
(c:/texlive/texmf-dist/tex/generic/oberdiek/gettitlestring.sty
Package: gettitlestring 2009/12/18 v1.3 Cleanup title references (HO)
)
\c@section@level=\count199
)
LaTeX Info: Redefining \ref on input line 42.
LaTeX Info: Redefining \pageref on input line 42.
LaTeX Info: Redefining \nameref on input line 42.
 (./05.out)
(./05.out)
\@outlinefile=\write3
\openout3 = `05.out'.

\c@lstlisting=\count200

Chapter 5.
LaTeX Font Info:    Font shape `EU1/AdobeSongStd(0)/bx/n' undefined
(Font)              using `EU1/AdobeSongStd(0)/m/n' instead on input line 45.
File: patterns.png Graphic file (type QTm)
<use  "patterns.png" >
File: pat1.png Graphic file (type QTm)
 <use  "pat1.png" >
File: pat2.png Graphic file (type QTm)
 <use  "pat2.png" >
LaTeX Font Info:    Try loading font information for U+msa on input line 74.

(c:/texlive/texmf-dist/tex/latex/amsfonts/umsa.fd
File: umsa.fd 2009/06/22 v3.00 AMS symbols A
)
LaTeX Font Info:    Try loading font information for U+msb on input line 74.

(c:/texlive/texmf-dist/tex/latex/amsfonts/umsb.fd
File: umsb.fd 2009/06/22 v3.00 AMS symbols B
) [1


]
Underfull \hbox (badness 10000) in paragraph at lines 90--100

 []


Underfull \hbox (badness 10000) in paragraph at lines 100--112

 []


Underfull \hbox (badness 10000) in paragraph at lines 113--123

 []

LaTeX Font Info:    Font shape `EU1/AdobeSongStd(0)/m/sl' undefined
(Font)              using `EU1/AdobeSongStd(0)/m/n' instead on input line 123.
[2]
Underfull \hbox (badness 10000) in paragraph at lines 124--133

 []


Overfull \hbox (53.60022pt too wide) in paragraph at lines 134--235
| \EU1/AdobeSongStd(0)/m/n/12 DataClass.bp_1.Save(DataClass.ms_bmp_src, System.
Drawing.Imaging.ImageFormat.Bmp); 
 []


Overfull \hbox (17.33455pt too wide) in paragraph at lines 134--235
| \EU1/AdobeSongStd(0)/m/n/12 buf_src[src_width*(src_height-1-i_height) +i_widt
h]=buf_ms_src[54 + i_height
 []


Overfull \hbox (64.49623pt too wide) in paragraph at lines 134--235
| \EU1/AdobeSongStd(0)/m/n/12 DataClass.bp_2.Save(DataClass.ms_bmp_temp, System
.Drawing.Imaging.ImageFormat.Bmp); 
 []


Overfull \hbox (113.23044pt too wide) in paragraph at lines 134--235
| \EU1/AdobeSongStd(0)/m/n/12 dSumT +=(double) (((int)buf_ms_mode[i*temp_width 
+j])*((int)buf_ms_mode[i*temp_width
 []


Overfull \hbox (65.72021pt too wide) in paragraph at lines 134--235
| \EU1/AdobeSongStd(0)/m/n/12 DataClass.bp_1.Save(DataClass.ms_bmp_result, Syst
em.Drawing.Imaging.ImageFormat.Bmp); 
 []


Underfull \hbox (badness 10000) in paragraph at lines 134--235

 []

[3] [4] [5]
Underfull \hbox (badness 10000) in paragraph at lines 236--239

 []


Underfull \hbox (badness 10000) in paragraph at lines 240--247

 []


Underfull \hbox (badness 10000) in paragraph at lines 248--262

 []

File: result.png Graphic file (type QTm)
<use  "result.png" >

Package xetex.def Warning: No clipping support in XeTeX yet on input line 267.


LaTeX Warning: `h' float specifier changed to `ht'.

[6] [7] (./05.aux)
LaTeX Font Info:    Some font shapes were not available, defaults substituted.


LaTeX Warning: There were multiply-defined labels.

 ) 
Here is how much of TeX's memory you used:
 18470 strings out of 494541
 298761 string characters out of 3161911
 410182 words of memory out of 3000000
 21409 multiletter control sequences out of 15000+200000
 8429 words of font info for 50 fonts, out of 3000000 for 9000
 669 hyphenation exceptions out of 8191
 38i,9n,43p,493b,413s stack positions out of 5000i,500n,10000p,200000b,50000s

Output written on 05.pdf (7 pages).
